Arguments: 
  /usr/local/Cellar/node/15.2.1/bin/node /usr/local/Cellar/yarn/1.22.10/libexec/bin/yarn.js init

PATH: 
  /Users/bretthenderson/.rbenv/shims:/Users/bretthenderson/.pyenv/shims:/Users/bretthenderson/.pyenv/shims:/Users/bretthenderson/.gem/ruby/2.7.2/bin:/usr/local/bin:/usr/local/sbin:/usr/local/bin:/usr/bin:/bin:/usr/sbin:/sbin:/usr/local/MacGPG2/bin:/Applications/Little Snitch.app/Contents/Components:/opt/X11/bin:/Library/Apple/usr/bin:/Library/Frameworks/Mono.framework/Versions/Current/Commands:/Users/bretthenderson/.cargo/bin:/Users/bretthenderson/.local/bin:/Users/bretthenderson/Developer/FLUTTER/flutter/bin:/usr/local/share/android-sdk/tools:/usr/local/share/android-sdk/platform-tools:/usr/local/bin:/Users/bretthenderson/.fzf/bin:/Users/bretthenderson/.local/bin

Yarn version: 
  1.22.10

Node version: 
  15.2.1

Platform: 
  darwin x64

Trace: 
  Error: canceled
      at Interface.<anonymous> (/usr/local/Cellar/yarn/1.22.10/libexec/lib/cli.js:137009:13)
      at Interface.emit (node:events:329:20)
      at Interface._ttyWrite (node:readline:875:16)
      at ReadStream.onkeypress (node:readline:213:10)
      at ReadStream.emit (node:events:329:20)
      at emitKeys (node:internal/readline/utils:345:14)
      at emitKeys.next (<anonymous>)
      at ReadStream.onData (node:readline:1144:36)
      at ReadStream.emit (node:events:329:20)
      at addChunk (node:internal/streams/readable:304:12)

npm manifest: 
  No manifest

yarn manifest: 
  No manifest

Lockfile: 
  No lockfile
